{"file":"C:\\Users\\taroj\\OneDrive\\ドキュメント\\GitHub\\Typing-Game-Node\\app\\app.js","level":"info","line":200,"message":"Creating data Directory...","service":"user-service","timestamp":"2023-03-29 08:14:20"}
{"file":"C:\\Users\\taroj\\OneDrive\\ドキュメント\\GitHub\\Typing-Game-Node\\app\\app.js","level":"info","line":472,"message":"Getting Profile Data...","service":"user-service","timestamp":"2023-03-29 08:14:20"}
{"file":"C:\\Users\\taroj\\OneDrive\\ドキュメント\\GitHub\\Typing-Game-Node\\app\\app.js","level":"info","line":443,"message":"Getting Word Counts...","service":"user-service","timestamp":"2023-03-29 08:14:20"}
{"file":"C:\\Users\\taroj\\OneDrive\\ドキュメント\\GitHub\\Typing-Game-Node\\app\\app.js","level":"info","line":424,"message":"Getting Playtime...","service":"user-service","timestamp":"2023-03-29 08:14:20"}
{"file":"C:\\Users\\taroj\\OneDrive\\ドキュメント\\GitHub\\Typing-Game-Node\\app\\app.js","level":"info","line":410,"message":"Sending Profile Page...","service":"user-service","timestamp":"2023-03-29 08:14:20"}
{"file":"C:\\Users\\taroj\\OneDrive\\ドキュメント\\GitHub\\Typing-Game-Node\\app\\app.js","level":"info","line":200,"message":"Creating data Directory...","service":"user-service","timestamp":"2023-03-29 08:17:18"}
{"file":"C:\\Users\\taroj\\OneDrive\\ドキュメント\\GitHub\\Typing-Game-Node\\app\\app.js","level":"info","line":472,"message":"Getting Profile Data...","service":"user-service","timestamp":"2023-03-29 08:17:18"}
{"file":"C:\\Users\\taroj\\OneDrive\\ドキュメント\\GitHub\\Typing-Game-Node\\app\\app.js","level":"info","line":443,"message":"Getting Word Counts...","service":"user-service","timestamp":"2023-03-29 08:17:18"}
{"file":"C:\\Users\\taroj\\OneDrive\\ドキュメント\\GitHub\\Typing-Game-Node\\app\\app.js","level":"info","line":424,"message":"Getting Playtime...","service":"user-service","timestamp":"2023-03-29 08:17:18"}
{"file":"C:\\Users\\taroj\\OneDrive\\ドキュメント\\GitHub\\Typing-Game-Node\\app\\app.js","level":"info","line":410,"message":"Sending Profile Page...","service":"user-service","timestamp":"2023-03-29 08:17:18"}
{"file":"C:\\Users\\taroj\\OneDrive\\ドキュメント\\GitHub\\Typing-Game-Node\\app\\app.js","level":"info","line":200,"message":"Creating data Directory...","service":"user-service","timestamp":"2023-03-29 08:17:27"}
{"file":"C:\\Users\\taroj\\OneDrive\\ドキュメント\\GitHub\\Typing-Game-Node\\app\\app.js","level":"info","line":472,"message":"Getting Profile Data...","service":"user-service","timestamp":"2023-03-29 08:17:27"}
{"file":"C:\\Users\\taroj\\OneDrive\\ドキュメント\\GitHub\\Typing-Game-Node\\app\\app.js","level":"info","line":443,"message":"Getting Word Counts...","service":"user-service","timestamp":"2023-03-29 08:17:27"}
{"file":"C:\\Users\\taroj\\OneDrive\\ドキュメント\\GitHub\\Typing-Game-Node\\app\\app.js","level":"info","line":424,"message":"Getting Playtime...","service":"user-service","timestamp":"2023-03-29 08:17:27"}
{"file":"C:\\Users\\taroj\\OneDrive\\ドキュメント\\GitHub\\Typing-Game-Node\\app\\app.js","level":"info","line":410,"message":"Sending Profile Page...","service":"user-service","timestamp":"2023-03-29 08:17:27"}
{"file":"C:\\Users\\taroj\\OneDrive\\ドキュメント\\GitHub\\Typing-Game-Node\\app\\app.js","level":"info","line":200,"message":"Creating data Directory...","service":"user-service","timestamp":"2023-03-29 08:17:44"}
{"file":"C:\\Users\\taroj\\OneDrive\\ドキュメント\\GitHub\\Typing-Game-Node\\app\\app.js","level":"info","line":200,"message":"Creating data Directory...","service":"user-service","timestamp":"2023-03-29 08:17:50"}
{"file":"C:\\Users\\taroj\\OneDrive\\ドキュメント\\GitHub\\Typing-Game-Node\\app\\app.js","level":"info","line":200,"message":"Creating data Directory...","service":"user-service","timestamp":"2023-03-29 08:51:49"}
{"file":"C:\\Users\\taroj\\OneDrive\\ドキュメント\\GitHub\\Typing-Game-Node\\app\\app.js","level":"info","line":338,"message":"Sending Leaderboard...","service":"user-service","timestamp":"2023-03-29 08:51:49"}
{"file":"C:\\Users\\taroj\\OneDrive\\ドキュメント\\GitHub\\Typing-Game-Node\\app\\app.js","level":"info","line":200,"message":"Creating data Directory...","service":"user-service","timestamp":"2023-03-29 08:52:46"}
{"file":"C:\\Users\\taroj\\OneDrive\\ドキュメント\\GitHub\\Typing-Game-Node\\app\\app.js","level":"info","line":338,"message":"Sending Leaderboard...","service":"user-service","timestamp":"2023-03-29 08:52:46"}
{"file":"C:\\Users\\taroj\\OneDrive\\ドキュメント\\GitHub\\Typing-Game-Node\\app\\app.js","level":"info","line":200,"message":"Creating data Directory...","service":"user-service","timestamp":"2023-03-29 08:53:47"}
{"file":"C:\\Users\\taroj\\OneDrive\\ドキュメント\\GitHub\\Typing-Game-Node\\app\\app.js","level":"info","line":338,"message":"Sending Leaderboard...","service":"user-service","timestamp":"2023-03-29 08:53:47"}
